<?xml version="1.0" encoding="UTF-8"?>
<!-- Generated by org.testng.reporters.JUnitReportReporter -->
<testsuite hostname="DESKTOP-7JHN3AF" failures="0" tests="4" name="sample.HTTPRequests" time="6.298" errors="0" timestamp="2023-06-16T16:58:46 IST" skipped="0">
  <testcase classname="sample.HTTPRequests" name="createUser" time="4.725"/>
  <system-out/>
  <testcase classname="sample.HTTPRequests" name="getUser" time="0.396"/>
  <system-out/>
  <testcase classname="sample.HTTPRequests" name="delteUser" time="0.707"/>
  <system-out/>
  <testcase classname="sample.HTTPRequests" name="updateUser" time="0.470"/>
  <system-out/>
</testsuite> <!-- sample.HTTPRequests -->
